\BOOKMARK [0][-]{chapter.1}{\376\377\000E\000i\000n\000l\000e\000i\000t\000u\000n\000g}{}% 1
\BOOKMARK [0][-]{chapter.2}{\376\377\000L\000e\000r\000n\000e\000n\000\040\000d\000u\000r\000c\000h\000\040\000D\000i\000a\000l\000o\000g}{}% 2
\BOOKMARK [1][-]{section.2.1}{\376\377\000E\000i\000n\000\040\000B\000e\000i\000s\000p\000i\000e\000l}{chapter.2}% 3
\BOOKMARK [1][-]{section.2.2}{\376\377\000D\000e\000r\000\040\000L\000e\000h\000r\000a\000u\000f\000t\000r\000a\000g}{chapter.2}% 4
\BOOKMARK [1][-]{section.2.3}{\376\377\000D\000e\000r\000\040\000E\000v\000a\000l\000u\000a\000t\000i\000o\000n\000s\000a\000u\000f\000t\000r\000a\000g}{chapter.2}% 5
\BOOKMARK [1][-]{section.2.4}{\376\377\000D\000i\000e\000\040\000V\000i\000s\000i\000o\000n}{chapter.2}% 6
\BOOKMARK [1][-]{section.2.5}{\376\377\000Z\000i\000e\000l\000g\000r\000u\000p\000p\000e\000n}{chapter.2}% 7
\BOOKMARK [2][-]{subsection.2.5.1}{\376\377\000P\000r\000o\000f\000e\000s\000s\000o\000r\000e\000n\000,\000\040\000L\000e\000h\000r\000e\000r\000\040\000u\000n\000d\000\040\000K\000u\000r\000s\000a\000u\000t\000o\000r\000e\000n}{section.2.5}% 8
\BOOKMARK [2][-]{subsection.2.5.2}{\376\377\000S\000t\000u\000d\000e\000n\000t\000e\000n\000,\000\040\000S\000c\000h\000\374\000l\000e\000r\000\040\000u\000n\000d\000\040\000K\000u\000r\000s\000t\000e\000i\000l\000n\000e\000h\000m\000e\000r}{section.2.5}% 9
\BOOKMARK [1][-]{section.2.6}{\376\377\000D\000i\000e\000\040\000I\000d\000e\000e}{chapter.2}% 10
\BOOKMARK [2][-]{subsection.2.6.1}{\376\377\000O\000f\000f\000e\000n\000e\000\040\000F\000r\000a\000g\000e\000n}{section.2.6}% 11
\BOOKMARK [2][-]{subsection.2.6.2}{\376\377\000A\000n\000t\000w\000o\000r\000t\000e\000n\000\040\000a\000u\000f\000\040\000o\000f\000f\000e\000n\000e\000\040\000F\000r\000a\000g\000e\000n}{section.2.6}% 12
\BOOKMARK [2][-]{subsection.2.6.3}{\376\377\000F\000e\000e\000d\000b\000a\000c\000k}{section.2.6}% 13
\BOOKMARK [2][-]{subsection.2.6.4}{\376\377\000A\000n\000d\000e\000r\000e\000\040\000T\000y\000p\000e\000n\000\040\000v\000o\000n\000\040\000L\000e\000r\000n\000a\000r\000t\000e\000f\000a\000k\000t\000e\000n}{section.2.6}% 14
\BOOKMARK [2][-]{subsection.2.6.5}{\376\377\000C\000r\000o\000w\000d\000s\000o\000u\000r\000c\000i\000n\000g}{section.2.6}% 15
\BOOKMARK [2][-]{subsection.2.6.6}{\376\377\000F\000o\000r\000m\000a\000t\000i\000v\000e\000s\000\040\000u\000n\000d\000\040\000s\000u\000m\000m\000a\000t\000i\000v\000e\000s\000\040\000A\000s\000s\000e\000s\000s\000m\000e\000n\000t}{section.2.6}% 16
\BOOKMARK [0][-]{chapter.3}{\376\377\000M\000e\000t\000h\000o\000d\000i\000k}{}% 17
\BOOKMARK [1][-]{section.3.1}{\376\377\000L\000e\000a\000n\000\040\000S\000t\000a\000r\000t\000u\000p}{chapter.3}% 18
\BOOKMARK [2][-]{subsection.3.1.1}{\376\377\000D\000i\000e\000\040\000B\000a\000u\000e\000n\000-\000M\000e\000s\000s\000e\000n\000-\000L\000e\000r\000n\000e\000n\000\040\000S\000c\000h\000l\000e\000i\000f\000e}{section.3.1}% 19
\BOOKMARK [2][-]{subsection.3.1.2}{\376\377\000M\000i\000n\000i\000m\000a\000l\000\040\000f\000u\000n\000k\000t\000i\000o\000n\000s\000f\000\344\000h\000i\000g\000e\000s\000\040\000P\000r\000o\000d\000u\000k\000t\000\040\000\050\000M\000V\000P\000\051}{section.3.1}% 20
\BOOKMARK [1][-]{section.3.2}{\376\377\000T\000h\000e\000\040\000M\000o\000m\000\040\000T\000e\000s\000t}{chapter.3}% 21
\BOOKMARK [1][-]{section.3.3}{\376\377\000A\000n\000f\000o\000r\000d\000e\000r\000u\000n\000g\000e\000n\000\040\000a\000n\000\040\000d\000i\000e\000\040\000W\000e\000r\000k\000z\000e\000u\000g\000e}{chapter.3}% 22
\BOOKMARK [2][-]{subsection.3.3.1}{\376\377\000P\000r\000i\000n\000z\000i\000p\000\040\000d\000e\000r\000\040\000E\000i\000n\000f\000a\000c\000h\000h\000e\000i\000t}{section.3.3}% 23
\BOOKMARK [2][-]{subsection.3.3.2}{\376\377\000L\000i\000g\000h\000t\000b\000u\000l\000b\000\040\000L\000e\000a\000r\000n\000i\000n\000g\000\040\000a\000l\000s\000\040\000M\000V\000P}{section.3.3}% 24
\BOOKMARK [2][-]{subsection.3.3.3}{\376\377\000N\000o\000C\000S\000S\000\040\000F\000r\000a\000m\000e\000w\000o\000r\000k}{section.3.3}% 25
\BOOKMARK [0][-]{chapter.4}{\376\377\000G\000e\000s\000c\000h\000\344\000f\000t\000s\000m\000o\000d\000e\000l\000l\000e}{}% 26
\BOOKMARK [1][-]{section.4.1}{\376\377\000G\000e\000s\000c\000h\000\344\000f\000t\000s\000m\000o\000d\000e\000l\000l\000\040\000A\000:\000\040\000F\000r\000e\000e\000m\000i\000u\000m}{chapter.4}% 27
\BOOKMARK [2][-]{subsection.4.1.1}{\376\377\000M\000i\000n\000d\000e\000l\000s\000e\000e\000-\000S\000t\000i\000p\000e\000n\000d\000i\000u\000m}{section.4.1}% 28
\BOOKMARK [1][-]{section.4.2}{\376\377\000G\000e\000s\000c\000h\000\344\000f\000t\000s\000m\000o\000d\000e\000l\000l\000\040\000B\000:\000\040\000A\000f\000f\000i\000l\000i\000a\000t\000e\000s\000-\000P\000r\000o\000g\000r\000a\000m\000m}{chapter.4}% 29
\BOOKMARK [2][-]{subsection.4.2.1}{\376\377\000G\000e\000s\000c\000h\000\344\000f\000t\000s\000m\000o\000d\000e\000l\000l\000\040\000v\000o\000n\000\040\000U\000d\000e\000m\000y}{section.4.2}% 30
\BOOKMARK [2][-]{subsection.4.2.2}{\376\377\000T\000e\000s\000t\000s\000\040\000i\000n\000\040\000O\000n\000l\000i\000n\000e\000k\000u\000r\000s\000e\000n}{section.4.2}% 31
\BOOKMARK [2][-]{subsection.4.2.3}{\376\377\000E\000r\000g\000\344\000n\000z\000u\000n\000g\000\040\000u\000m\000\040\000L\000i\000g\000h\000t\000b\000u\000l\000b\000\040\000L\000e\000a\000r\000n\000i\000n\000g}{section.4.2}% 32
\BOOKMARK [2][-]{subsection.4.2.4}{\376\377\000M\000e\000h\000r\000w\000e\000r\000t\000\040\000I\000:\000\040\000S\000t\000e\000i\000g\000e\000r\000u\000n\000g\000\040\000d\000e\000r\000\040\000L\000e\000r\000n\000q\000u\000a\000l\000i\000t\000\344\000t}{section.4.2}% 33
\BOOKMARK [2][-]{subsection.4.2.5}{\376\377\000M\000e\000h\000r\000w\000e\000r\000t\000\040\000I\000I\000:\000\040\000E\000v\000a\000l\000u\000a\000t\000i\000o\000n\000s\000s\000y\000s\000t\000e\000m\000\040\000u\000n\000d\000\040\000Z\000e\000r\000t\000i\000f\000i\000k\000a\000t\000e}{section.4.2}% 34
\BOOKMARK [2][-]{subsection.4.2.6}{\376\377\000M\000e\000h\000r\000w\000e\000r\000t\000\040\000I\000I\000I\000:\000\040\000Z\000u\000s\000\344\000t\000z\000l\000i\000c\000h\000e\000\040\000E\000i\000n\000n\000a\000h\000m\000e\000q\000u\000e\000l\000l\000e}{section.4.2}% 35
\BOOKMARK [2][-]{subsection.4.2.7}{\376\377\000M\000a\000r\000k\000e\000t\000i\000n\000g\000\040\000u\000n\000d\000\040\000V\000e\000r\000t\000r\000i\000e\000b}{section.4.2}% 36
\BOOKMARK [0][-]{chapter.5}{\376\377\000S\000e\000r\000v\000e\000r\000l\000e\000s\000s\000-\000T\000e\000c\000h\000n\000o\000l\000o\000g\000i\000e}{}% 37
\BOOKMARK [1][-]{section.5.1}{\376\377\000W\000a\000s\000\040\000i\000s\000t\000\040\000S\000e\000r\000v\000e\000r\000l\000e\000s\000s\000-\000T\000e\000c\000h\000n\000o\000l\000o\000g\000i\000e\000?}{chapter.5}% 38
\BOOKMARK [1][-]{section.5.2}{\376\377\000F\000r\000o\000n\000t\000e\000n\000d\000\040\000i\000m\000\040\000K\000o\000n\000t\000e\000x\000t\000\040\000v\000o\000n\000\040\000S\000e\000r\000v\000e\000r\000l\000e\000s\000s\000-\000T\000e\000c\000h\000n\000o\000l\000o\000g\000i\000e}{chapter.5}% 39
\BOOKMARK [1][-]{section.5.3}{\376\377\000F\000u\000n\000c\000t\000i\000o\000n\000-\000a\000s\000-\000a\000-\000S\000e\000r\000v\000i\000c\000e\000\040\000\050\000F\000a\000a\000S\000\051}{chapter.5}% 40
\BOOKMARK [1][-]{section.5.4}{\376\377\000R\000e\000a\000k\000t\000i\000v\000e\000\040\000S\000y\000s\000t\000e\000m\000e}{chapter.5}% 41
\BOOKMARK [2][-]{subsection.5.4.1}{\376\377\000A\000n\000t\000w\000o\000r\000t\000b\000e\000r\000e\000i\000t\000s\000c\000h\000a\000f\000t}{section.5.4}% 42
\BOOKMARK [2][-]{subsection.5.4.2}{\376\377\000W\000i\000d\000e\000r\000s\000t\000a\000n\000d\000s\000f\000\344\000h\000i\000g\000k\000e\000i\000t}{section.5.4}% 43
\BOOKMARK [2][-]{subsection.5.4.3}{\376\377\000E\000l\000a\000s\000t\000i\000z\000i\000t\000\344\000t}{section.5.4}% 44
\BOOKMARK [2][-]{subsection.5.4.4}{\376\377\000N\000a\000c\000h\000r\000i\000c\000h\000t\000e\000n\000o\000r\000i\000e\000n\000t\000i\000e\000r\000t\000h\000e\000i\000t}{section.5.4}% 45
\BOOKMARK [1][-]{section.5.5}{\376\377\000R\000e\000a\000k\000t\000i\000v\000e\000\040\000S\000y\000s\000t\000e\000m\000e\000\040\000u\000n\000d\000\040\000S\000e\000r\000v\000e\000r\000l\000e\000s\000s\000-\000S\000y\000s\000t\000e\000m\000e}{chapter.5}% 46
\BOOKMARK [2][-]{subsection.5.5.1}{\376\377\000G\000e\000m\000e\000i\000n\000s\000a\000m\000e\000s\000\040\000Z\000i\000e\000l\000:\000\040\000A\000n\000t\000w\000o\000r\000t\000b\000e\000r\000e\000i\000t\000s\000c\000h\000a\000f\000t}{section.5.5}% 47
\BOOKMARK [2][-]{subsection.5.5.2}{\376\377\000D\000e\000l\000e\000g\000a\000t\000i\000o\000n}{section.5.5}% 48
\BOOKMARK [2][-]{subsection.5.5.3}{\376\377\000F\000a\000a\000S\000\040\000u\000n\000d\000\040\000E\000l\000a\000s\000t\000i\000z\000i\000t\000\344\000t}{section.5.5}% 49
\BOOKMARK [0][-]{chapter.6}{\376\377\000U\000m\000s\000e\000t\000z\000u\000n\000g\000:\000\040\000L\000i\000g\000h\000t\000b\000u\000l\000b\000\040\000L\000e\000a\000r\000n\000i\000n\000g}{}% 50
\BOOKMARK [1][-]{section.6.1}{\376\377\000I\000n\000t\000e\000r\000v\000i\000e\000w\000s}{chapter.6}% 51
\BOOKMARK [2][-]{subsection.6.1.1}{\376\377\000N\000u\000t\000z\000e\000r\000i\000n\000t\000e\000r\000v\000i\000e\000w\000s\000\040\000S\000t\000u\000d\000e\000n\000t\000e\000n}{section.6.1}% 52
\BOOKMARK [2][-]{subsection.6.1.2}{\376\377\000N\000u\000t\000z\000e\000r\000i\000n\000t\000e\000r\000v\000i\000e\000w\000s\000\040\000P\000r\000o\000f\000e\000s\000s\000o\000r\000e\000n}{section.6.1}% 53
\BOOKMARK [2][-]{subsection.6.1.3}{\376\377\000E\000r\000g\000e\000b\000n\000i\000s\000s\000e\000\040\000d\000e\000r\000\040\000I\000n\000t\000e\000r\000v\000i\000e\000w\000s}{section.6.1}% 54
\BOOKMARK [1][-]{section.6.2}{\376\377\000T\000e\000c\000h\000n\000o\000l\000o\000g\000i\000e}{chapter.6}% 55
\BOOKMARK [1][-]{section.6.3}{\376\377\000S\000u\000p\000a\000b\000a\000s\000e}{chapter.6}% 56
\BOOKMARK [2][-]{subsection.6.3.1}{\376\377\000V\000e\000r\000g\000l\000e\000i\000c\000h\000:\000\040\000S\000u\000p\000a\000b\000a\000s\000e\000\040\000u\000n\000d\000\040\000F\000i\000r\000e\000b\000a\000s\000e}{section.6.3}% 57
\BOOKMARK [2][-]{subsection.6.3.2}{\376\377\000R\000e\000l\000a\000t\000i\000o\000n\000a\000l\000e\000\040\000D\000a\000t\000e\000n\000b\000a\000n\000k\000e\000n}{section.6.3}% 58
\BOOKMARK [2][-]{subsection.6.3.3}{\376\377\000P\000o\000s\000t\000g\000r\000e\000S\000Q\000L\000\040\000\050\000a\000l\000i\000a\000s\000\040\000P\000o\000s\000t\000g\000r\000e\000s\000\051}{section.6.3}% 59
\BOOKMARK [2][-]{subsection.6.3.4}{\376\377\000R\000o\000w\000-\000L\000e\000v\000e\000l\000-\000S\000e\000c\000u\000r\000i\000t\000y}{section.6.3}% 60
\BOOKMARK [2][-]{subsection.6.3.5}{\376\377\000P\000o\000s\000t\000g\000r\000e\000S\000Q\000L\000\040\000F\000u\000n\000c\000t\000i\000o\000n\000s}{section.6.3}% 61
\BOOKMARK [2][-]{subsection.6.3.6}{\376\377\000P\000o\000s\000t\000g\000R\000E\000S\000T}{section.6.3}% 62
\BOOKMARK [1][-]{section.6.4}{\376\377\000W\000e\000b\000\040\000A\000p\000p\000l\000i\000k\000a\000t\000i\000o\000n\000\040\000m\000i\000t\000\040\000S\000v\000e\000l\000t\000e\000K\000i\000t}{chapter.6}% 63
\BOOKMARK [2][-]{subsection.6.4.1}{\376\377\000S\000v\000e\000l\000t\000e\000K\000i\000t\000\040\000u\000n\000d\000\040\000S\000v\000e\000l\000t\000e}{section.6.4}% 64
\BOOKMARK [2][-]{subsection.6.4.2}{\376\377\000M\000u\000l\000t\000i\000-\000P\000a\000g\000e\000\040\000A\000p\000p\000s\000\040\000\050\000M\000P\000A\000s\000\051}{section.6.4}% 65
\BOOKMARK [2][-]{subsection.6.4.3}{\376\377\000S\000i\000n\000g\000l\000e\000-\000P\000a\000g\000e\000\040\000A\000p\000p\000s\000\040\000\050\000S\000P\000A\000s\000\051}{section.6.4}% 66
\BOOKMARK [2][-]{subsection.6.4.4}{\376\377\000T\000r\000a\000n\000s\000i\000t\000i\000o\000n\000a\000l\000\040\000A\000p\000p\000s}{section.6.4}% 67
\BOOKMARK [2][-]{subsection.6.4.5}{\376\377\000A\000d\000a\000p\000t\000e\000r\000,\000\040\000S\000e\000r\000v\000e\000r\000-\000S\000i\000d\000e\000\040\000R\000e\000n\000d\000e\000r\000i\000n\000g\000\040\000u\000n\000d\000\040\000H\000y\000d\000r\000a\000t\000i\000o\000n}{section.6.4}% 68
\BOOKMARK [1][-]{section.6.5}{\376\377\000T\000y\000p\000e\000S\000c\000r\000i\000p\000t}{chapter.6}% 69
\BOOKMARK [1][-]{section.6.6}{\376\377\000S\000k\000a\000l\000i\000e\000r\000u\000n\000g\000\040\000d\000e\000r\000\040\000D\000a\000t\000e\000n\000b\000a\000n\000k}{chapter.6}% 70
\BOOKMARK [1][-]{section.6.7}{\376\377\000T\000e\000s\000t\000i\000n\000g\000\040\000m\000i\000t\000\040\000P\000l\000a\000y\000w\000r\000i\000g\000h\000t}{chapter.6}% 71
\BOOKMARK [1][-]{section.6.8}{\376\377\000C\000o\000n\000t\000i\000n\000u\000o\000u\000s\000\040\000D\000e\000p\000l\000o\000y\000m\000e\000n\000t\000\040\000P\000i\000p\000e\000l\000i\000n\000e\000\040\000m\000i\000t\000\040\000G\000i\000t\000H\000u\000b\000\040\000A\000c\000t\000i\000o\000n\000s}{chapter.6}% 72
\BOOKMARK [0][-]{chapter.7}{\376\377\000E\000v\000a\000l\000u\000a\000t\000i\000o\000n}{}% 73
\BOOKMARK [1][-]{section.7.1}{\376\377\000E\000x\000p\000e\000r\000i\000m\000e\000n\000t\000:\000\040\000R\000e\000a\000k\000t\000i\000v\000e\000\040\000S\000y\000s\000t\000e\000m\000e}{chapter.7}% 74
\BOOKMARK [1][-]{section.7.2}{\376\377\000E\000x\000p\000e\000r\000i\000m\000e\000n\000t\000e\000\040\000m\000i\000t\000\040\000A\000W\000S\000\040\000L\000a\000m\000b\000d\000a\000\040\000u\000n\000d\000\040\000S\000c\000a\000l\000a\000\040\0003}{chapter.7}% 75
\BOOKMARK [2][-]{subsection.7.2.1}{\376\377\000P\000r\000o\000b\000l\000e\000m\000e\000\040\000m\000i\000t\000\040\000A\000W\000S\000\040\000A\000m\000p\000l\000i\000f\000y}{section.7.2}% 76
\BOOKMARK [2][-]{subsection.7.2.2}{\376\377\000L\000a\000m\000b\000d\000a\000\040\000K\000a\000l\000t\000s\000t\000a\000r\000t\000s\000\040\000b\000e\000i\000\040\000J\000V\000M\000-\000b\000a\000s\000i\000e\000r\000t\000e\000n\000\040\000F\000u\000n\000k\000t\000i\000o\000n\000e\000n}{section.7.2}% 77
\BOOKMARK [2][-]{subsection.7.2.3}{\376\377\000F\000a\000a\000S\000\040\000A\000P\000I\000\040\000i\000s\000t\000\040\000k\000e\000i\000n\000e\000\040\000A\000k\000t\000o\000r\000e\000n\000\040\000A\000P\000I}{section.7.2}% 78
\BOOKMARK [2][-]{subsection.7.2.4}{\376\377\000L\000i\000b\000r\000a\000r\000i\000e\000s\000\040\000u\000n\000d\000\040\000D\000o\000k\000u\000m\000e\000n\000t\000a\000t\000i\000o\000n\000\040\000f\000\374\000r\000\040\000J\000a\000v\000a}{section.7.2}% 79
\BOOKMARK [1][-]{section.7.3}{\376\377\000S\000v\000e\000l\000t\000e\000\040\000u\000n\000d\000\040\000S\000v\000e\000l\000t\000e\000K\000i\000t}{chapter.7}% 80
\BOOKMARK [2][-]{subsection.7.3.1}{\376\377\000I\000n\000t\000u\000i\000t\000i\000v\000e\000\040\000K\000o\000n\000z\000e\000p\000t\000e}{section.7.3}% 81
\BOOKMARK [2][-]{subsection.7.3.2}{\376\377\000S\000t\000o\000l\000p\000e\000r\000s\000t\000e\000i\000n\000:\000\040\000S\000e\000r\000v\000e\000r\000s\000e\000i\000t\000i\000g\000e\000\040\000A\000u\000t\000h\000e\000n\000t\000i\000f\000i\000z\000i\000e\000r\000u\000n\000g}{section.7.3}% 82
\BOOKMARK [2][-]{subsection.7.3.3}{\376\377\000N\000o\000d\000e\000J\000S\000\040\000L\000a\000u\000f\000z\000e\000i\000t\000u\000m\000g\000e\000b\000u\000n\000g\000\040\000i\000s\000t\000\040\000k\000e\000i\000n\000\040\000B\000r\000o\000w\000s\000e\000r}{section.7.3}% 83
\BOOKMARK [2][-]{subsection.7.3.4}{\376\377\000P\000o\000s\000t\000g\000r\000e\000S\000Q\000L\000\040\000a\000s\000\040\000a\000\040\000S\000e\000r\000v\000i\000c\000e\000\040\000m\000i\000t\000\040\000S\000u\000p\000a\000b\000a\000s\000e\000\040\000u\000n\000d\000\040\000l\000o\000k\000a\000l\000e\000\040\000E\000n\000t\000w\000i\000c\000k\000l\000u\000n\000g}{section.7.3}% 84
\BOOKMARK [2][-]{subsection.7.3.5}{\376\377\000S\000e\000r\000v\000e\000r\000l\000e\000s\000s\000\040\000n\000u\000r\000\040\000f\000\374\000r\000\040\000C\000R\000U\000D\000-\000S\000z\000e\000n\000a\000r\000i\000e\000n\000?}{section.7.3}% 85
\BOOKMARK [1][-]{section.7.4}{\376\377\000S\000e\000r\000v\000e\000r\000l\000e\000s\000s\000-\000P\000r\000i\000n\000z\000i\000p\000i\000e\000n}{chapter.7}% 86
\BOOKMARK [0][-]{chapter.8}{\376\377\000F\000a\000z\000i\000t}{}% 87
\BOOKMARK [1][-]{section.8.1}{\376\377\000L\000i\000g\000h\000t\000b\000u\000l\000b\000\040\000L\000e\000a\000r\000n\000i\000n\000g\000,\000\040\000e\000i\000n\000\040\000r\000e\000a\000k\000t\000i\000v\000e\000s\000\040\000S\000y\000s\000t\000e\000m\000?}{chapter.8}% 88
\BOOKMARK [1][-]{section.8.2}{\376\377\000Z\000u\000s\000a\000m\000m\000e\000n\000h\000a\000n\000g\000\040\000z\000w\000i\000s\000c\000h\000e\000n\000\040\000L\000e\000a\000n\000\040\000S\000t\000a\000r\000t\000u\000p\000\040\000u\000n\000d\000\040\000S\000e\000r\000v\000e\000r\000l\000e\000s\000s\000-\000T\000e\000c\000h\000n\000o\000l\000o\000g\000i\000e}{chapter.8}% 89
\BOOKMARK [1][-]{section.8.3}{\376\377\000Z\000u\000s\000a\000m\000m\000e\000n\000h\000a\000n\000g\000\040\000z\000w\000i\000s\000c\000h\000e\000n\000\040\000a\000g\000i\000l\000e\000r\000\040\000E\000n\000t\000w\000i\000c\000k\000l\000u\000n\000g\000\040\000u\000n\000d\000\040\000S\000e\000r\000v\000e\000r\000l\000e\000s\000s\000-\000T\000e\000c\000h\000n\000o\000l\000o\000g\000i\000e}{chapter.8}% 90
\BOOKMARK [1][-]{section.8.4}{\376\377\000I\000s\000t\000\040\000S\000e\000r\000v\000e\000r\000l\000e\000s\000s\000-\000T\000e\000c\000h\000n\000o\000l\000o\000g\000i\000e\000\040\000d\000i\000e\000\040\000Z\000u\000k\000u\000n\000f\000t\000\040\000d\000e\000r\000\040\000A\000p\000p\000s\000?}{chapter.8}% 91
\BOOKMARK [1][-]{section.8.5}{\376\377\000L\000i\000g\000h\000t\000b\000u\000l\000b\000\040\000L\000e\000a\000r\000n\000i\000n\000g\000,\000\040\000e\000i\000n\000e\000\040\000I\000n\000n\000o\000v\000a\000t\000i\000o\000n\000?}{chapter.8}% 92
\BOOKMARK [2][-]{subsection.8.5.1}{\376\377\000P\000r\000o\000d\000u\000k\000t\000i\000n\000n\000o\000v\000a\000t\000i\000o\000n}{section.8.5}% 93
\BOOKMARK [2][-]{subsection.8.5.2}{\376\377\000V\000e\000r\000f\000a\000h\000r\000e\000n\000s\000i\000n\000n\000o\000v\000a\000t\000i\000o\000n}{section.8.5}% 94
\BOOKMARK [0][-]{chapter.9}{\376\377\000A\000u\000s\000b\000l\000i\000c\000k}{}% 95
\BOOKMARK [1][-]{section.9.1}{\376\377\000T\000e\000c\000h\000n\000o\000l\000o\000g\000i\000s\000c\000h\000e\000r\000\040\000A\000u\000s\000b\000l\000i\000c\000k}{chapter.9}% 96
\BOOKMARK [2][-]{subsection.9.1.1}{\376\377\000S\000u\000p\000a\000b\000a\000s\000e\000\040\000E\000d\000g\000e\000\040\000F\000u\000n\000c\000t\000i\000o\000n\000s\000\040\000m\000i\000t\000\040\000D\000e\000n\000o\000\040\000D\000e\000p\000l\000o\000y}{section.9.1}% 97
\BOOKMARK [1][-]{section.9.2}{\376\377\000F\000a\000c\000h\000l\000i\000c\000h\000e\000r\000\040\000A\000u\000s\000b\000l\000i\000c\000k}{chapter.9}% 98
\BOOKMARK [2][-]{subsection.9.2.1}{\376\377\000D\000e\000r\000\040\000K\000o\000n\000t\000e\000x\000t\000\040\000d\000e\000r\000\040\000N\000u\000t\000z\000u\000n\000g}{section.9.2}% 99
\BOOKMARK [2][-]{subsection.9.2.2}{\376\377\000D\000a\000s\000\040\000H\000a\000k\000e\000n\000m\000o\000d\000e\000l\000l}{section.9.2}% 100
\BOOKMARK [2][-]{subsection.9.2.3}{\376\377\000L\000e\000g\000a\000l\000-\000T\000h\000e\000m\000e\000n}{section.9.2}% 101
\BOOKMARK [2][-]{subsection.9.2.4}{\376\377\000L\000i\000g\000h\000t\000b\000u\000l\000b\000\040\000L\000e\000a\000r\000n\000i\000n\000g\000\040\000Z\000e\000r\000t\000i\000f\000i\000k\000a\000t\000e}{section.9.2}% 102
\BOOKMARK [0][-]{appendix*.14}{\376\377\000L\000i\000t\000e\000r\000a\000t\000u\000r}{}% 103
